<?xml version="1.0" encoding="UTF-8"?>
<!-- Generated by org.testng.reporters.JUnitReportReporter -->
<testsuite hostname="DESKTOP-KV35ATA" failures="0" tests="1" name="com.Test.Test_tc_001" time="14.137" errors="0" timestamp="2022-09-02T11:07:52 IST" skipped="0">
  <testcase classname="com.Test.Test_tc_001" name="verify_TestLogin_validCredential" time="14.137"/>
  <system-out/>
</testsuite> <!-- com.Test.Test_tc_001 -->
